  Aimbot.cpp
  LagComp.cpp
  Client.cpp
  Esp.cpp
  InventoryChanger.cpp
  Knifebot.cpp
  Misc.cpp
  DynSkin.cpp
  Skin.cpp
  Engine.cpp
  Entity.cpp
  Hook.cpp
  NetVar.cpp
  Offset.cpp
  Players.cpp
  Render.cpp
c:\users\arthur\desktop\resolve\indigo\sdk\idebugoverlay.hpp(50): error C4430: missing type specifier - int assumed. Note: C++ does not support default-int (compiling source file Cheat\Misc\Misc.cpp)
c:\users\arthur\desktop\resolve\indigo\sdk\idebugoverlay.hpp(50): error C4430: missing type specifier - int assumed. Note: C++ does not support default-int (compiling source file Engine\Offset.cpp)
c:\users\arthur\desktop\resolve\indigo\sdk\idebugoverlay.hpp(50): error C4430: missing type specifier - int assumed. Note: C++ does not support default-int (compiling source file Engine\Players.cpp)
c:\users\arthur\desktop\resolve\indigo\sdk\idebugoverlay.hpp(50): error C4430: missing type specifier - int assumed. Note: C++ does not support default-int (compiling source file Engine\Hook.cpp)
c:\users\arthur\desktop\resolve\indigo\sdk\idebugoverlay.hpp(50): error C2143: syntax error: missing ',' before '&' (compiling source file Engine\Offset.cpp)
c:\users\arthur\desktop\resolve\indigo\sdk\idebugoverlay.hpp(50): error C2143: syntax error: missing ',' before '&' (compiling source file Cheat\Misc\Misc.cpp)
c:\users\arthur\desktop\resolve\indigo\sdk\idebugoverlay.hpp(50): error C4430: missing type specifier - int assumed. Note: C++ does not support default-int (compiling source file Cheat\Knifebot\Knifebot.cpp)
c:\users\arthur\desktop\resolve\indigo\sdk\idebugoverlay.hpp(50): error C2143: syntax error: missing ',' before '&' (compiling source file Engine\Players.cpp)
c:\users\arthur\desktop\resolve\indigo\sdk\idebugoverlay.hpp(50): error C2143: syntax error: missing ',' before '&' (compiling source file Engine\Hook.cpp)
c:\users\arthur\desktop\resolve\indigo\sdk\idebugoverlay.hpp(50): error C2143: syntax error: missing ',' before '&' (compiling source file Cheat\Knifebot\Knifebot.cpp)
c:\users\arthur\desktop\resolve\indigo\sdk\idebugoverlay.hpp(52): error C2143: syntax error: missing ')' before '__thiscall' (compiling source file Cheat\Misc\Misc.cpp)
c:\users\arthur\desktop\resolve\indigo\sdk\idebugoverlay.hpp(52): error C2143: syntax error: missing ')' before '__thiscall' (compiling source file Engine\Offset.cpp)
c:\users\arthur\desktop\resolve\indigo\sdk\idebugoverlay.hpp(52): error C2143: syntax error: missing ')' before '__thiscall' (compiling source file Engine\Players.cpp)
c:\users\arthur\desktop\resolve\indigo\sdk\idebugoverlay.hpp(52): error C2143: syntax error: missing ')' before '__thiscall' (compiling source file Engine\Hook.cpp)
c:\users\arthur\desktop\resolve\indigo\sdk\idebugoverlay.hpp(52): error C2143: syntax error: missing ')' before '__thiscall' (compiling source file Cheat\Knifebot\Knifebot.cpp)
c:\users\arthur\desktop\resolve\indigo\sdk\idebugoverlay.hpp(52): error C2143: syntax error: missing ';' before '__thiscall' (compiling source file Cheat\Misc\Misc.cpp)
c:\users\arthur\desktop\resolve\indigo\sdk\idebugoverlay.hpp(52): error C2143: syntax error: missing ';' before '__thiscall' (compiling source file Engine\Offset.cpp)
c:\users\arthur\desktop\resolve\indigo\sdk\idebugoverlay.hpp(52): error C2143: syntax error: missing ';' before '__thiscall' (compiling source file Engine\Players.cpp)
c:\users\arthur\desktop\resolve\indigo\sdk\idebugoverlay.hpp(52): error C2143: syntax error: missing ';' before '__thiscall' (compiling source file Engine\Hook.cpp)
c:\users\arthur\desktop\resolve\indigo\sdk\idebugoverlay.hpp(52): error C2143: syntax error: missing ';' before '__thiscall' (compiling source file Cheat\Knifebot\Knifebot.cpp)
c:\users\arthur\desktop\resolve\indigo\sdk\idebugoverlay.hpp(52): error C2059: syntax error: '__thiscall' (compiling source file Cheat\Misc\Misc.cpp)
c:\users\arthur\desktop\resolve\indigo\sdk\idebugoverlay.hpp(52): error C2059: syntax error: '__thiscall' (compiling source file Engine\Offset.cpp)
c:\users\arthur\desktop\resolve\indigo\sdk\idebugoverlay.hpp(52): error C2059: syntax error: '__thiscall' (compiling source file Engine\Players.cpp)
c:\users\arthur\desktop\resolve\indigo\sdk\idebugoverlay.hpp(52): error C2059: syntax error: '__thiscall' (compiling source file Engine\Hook.cpp)
c:\users\arthur\desktop\resolve\indigo\sdk\idebugoverlay.hpp(52): error C2059: syntax error: '__thiscall' (compiling source file Cheat\Knifebot\Knifebot.cpp)
c:\users\arthur\desktop\resolve\indigo\sdk\idebugoverlay.hpp(52): error C2059: syntax error: ')' (compiling source file Cheat\Misc\Misc.cpp)
c:\users\arthur\desktop\resolve\indigo\sdk\idebugoverlay.hpp(52): error C2059: syntax error: ')' (compiling source file Engine\Offset.cpp)
c:\users\arthur\desktop\resolve\indigo\sdk\idebugoverlay.hpp(52): error C2059: syntax error: ')' (compiling source file Engine\Players.cpp)
c:\users\arthur\desktop\resolve\indigo\sdk\idebugoverlay.hpp(52): error C2059: syntax error: ')' (compiling source file Engine\Hook.cpp)
c:\users\arthur\desktop\resolve\indigo\sdk\idebugoverlay.hpp(52): error C2059: syntax error: ')' (compiling source file Cheat\Knifebot\Knifebot.cpp)
c:\users\arthur\desktop\resolve\indigo\sdk\idebugoverlay.hpp(53): error C2065: 'OriginalFn': undeclared identifier (compiling source file Cheat\Misc\Misc.cpp)
c:\users\arthur\desktop\resolve\indigo\sdk\idebugoverlay.hpp(53): error C2065: 'OriginalFn': undeclared identifier (compiling source file Engine\Offset.cpp)
c:\users\arthur\desktop\resolve\indigo\sdk\idebugoverlay.hpp(53): error C2065: 'OriginalFn': undeclared identifier (compiling source file Engine\Players.cpp)
c:\users\arthur\desktop\resolve\indigo\sdk\idebugoverlay.hpp(53): error C2065: 'OriginalFn': undeclared identifier (compiling source file Engine\Hook.cpp)
c:\users\arthur\desktop\resolve\indigo\sdk\idebugoverlay.hpp(53): error C2065: 'OriginalFn': undeclared identifier (compiling source file Cheat\Knifebot\Knifebot.cpp)
c:\users\arthur\desktop\resolve\indigo\sdk\idebugoverlay.hpp(53): error C2672: 'GetMethod': no matching overloaded function found (compiling source file Cheat\Misc\Misc.cpp)
c:\users\arthur\desktop\resolve\indigo\sdk\idebugoverlay.hpp(53): error C2672: 'GetMethod': no matching overloaded function found (compiling source file Engine\Offset.cpp)
c:\users\arthur\desktop\resolve\indigo\sdk\idebugoverlay.hpp(53): error C2672: 'GetMethod': no matching overloaded function found (compiling source file Engine\Players.cpp)
c:\users\arthur\desktop\resolve\indigo\sdk\idebugoverlay.hpp(53): error C2672: 'GetMethod': no matching overloaded function found (compiling source file Engine\Hook.cpp)
c:\users\arthur\desktop\resolve\indigo\sdk\idebugoverlay.hpp(53): error C2672: 'GetMethod': no matching overloaded function found (compiling source file Cheat\Knifebot\Knifebot.cpp)
c:\users\arthur\desktop\resolve\indigo\sdk\idebugoverlay.hpp(53): error C2974: 'GetMethod': invalid template argument for 'Function', type expected (compiling source file Cheat\Misc\Misc.cpp)
c:\users\arthur\desktop\resolve\indigo\sdk\idebugoverlay.hpp(53): error C2974: 'GetMethod': invalid template argument for 'Function', type expected (compiling source file Engine\Offset.cpp)
c:\users\arthur\desktop\resolve\indigo\sdk\idebugoverlay.hpp(53): error C2974: 'GetMethod': invalid template argument for 'Function', type expected (compiling source file Cheat\Knifebot\Knifebot.cpp)
c:\users\arthur\desktop\resolve\indigo\sdk\idebugoverlay.hpp(53): error C2974: 'GetMethod': invalid template argument for 'Function', type expected (compiling source file Engine\Players.cpp)
  c:\users\arthur\desktop\resolve\indigo\sdk\definitions.hpp(17): note: see declaration of 'GetMethod' (compiling source file Cheat\Misc\Misc.cpp)
c:\users\arthur\desktop\resolve\indigo\sdk\idebugoverlay.hpp(53): error C2974: 'GetMethod': invalid template argument for 'Function', type expected (compiling source file Engine\Hook.cpp)
  c:\users\arthur\desktop\resolve\indigo\sdk\definitions.hpp(17): note: see declaration of 'GetMethod' (compiling source file Engine\Offset.cpp)
  c:\users\arthur\desktop\resolve\indigo\sdk\definitions.hpp(17): note: see declaration of 'GetMethod' (compiling source file Cheat\Knifebot\Knifebot.cpp)
  c:\users\arthur\desktop\resolve\indigo\sdk\definitions.hpp(17): note: see declaration of 'GetMethod' (compiling source file Engine\Players.cpp)
  c:\users\arthur\desktop\resolve\indigo\sdk\definitions.hpp(17): note: see declaration of 'GetMethod' (compiling source file Engine\Hook.cpp)
c:\users\arthur\desktop\resolve\indigo\sdk\idebugoverlay.hpp(53): error C2065: 'vecOrigin': undeclared identifier (compiling source file Cheat\Misc\Misc.cpp)
c:\users\arthur\desktop\resolve\indigo\sdk\idebugoverlay.hpp(53): error C2065: 'vecOrigin': undeclared identifier (compiling source file Engine\Offset.cpp)
c:\users\arthur\desktop\resolve\indigo\sdk\idebugoverlay.hpp(50): error C4430: missing type specifier - int assumed. Note: C++ does not support default-int (compiling source file Cheat\Aimbot\Aimbot.cpp)
c:\users\arthur\desktop\resolve\indigo\sdk\idebugoverlay.hpp(53): error C2065: 'vecOrigin': undeclared identifier (compiling source file Cheat\Knifebot\Knifebot.cpp)
c:\users\arthur\desktop\resolve\indigo\sdk\idebugoverlay.hpp(53): error C2065: 'vecOrigin': undeclared identifier (compiling source file Engine\Players.cpp)
c:\users\arthur\desktop\resolve\indigo\sdk\idebugoverlay.hpp(53): error C2065: 'vecOrigin': undeclared identifier (compiling source file Engine\Hook.cpp)
c:\users\arthur\desktop\resolve\indigo\sdk\idebugoverlay.hpp(53): error C2065: 'vecScreen': undeclared identifier (compiling source file Cheat\Misc\Misc.cpp)
c:\users\arthur\desktop\resolve\indigo\sdk\idebugoverlay.hpp(53): error C2065: 'vecScreen': undeclared identifier (compiling source file Engine\Offset.cpp)
c:\users\arthur\desktop\resolve\indigo\sdk\idebugoverlay.hpp(50): error C2143: syntax error: missing ',' before '&' (compiling source file Cheat\Aimbot\Aimbot.cpp)
c:\users\arthur\desktop\resolve\indigo\sdk\idebugoverlay.hpp(53): error C2065: 'vecScreen': undeclared identifier (compiling source file Cheat\Knifebot\Knifebot.cpp)
c:\users\arthur\desktop\resolve\indigo\sdk\idebugoverlay.hpp(53): error C2065: 'vecScreen': undeclared identifier (compiling source file Engine\Players.cpp)
c:\users\arthur\desktop\resolve\indigo\sdk\idebugoverlay.hpp(53): error C2065: 'vecScreen': undeclared identifier (compiling source file Engine\Hook.cpp)
c:\users\arthur\desktop\resolve\indigo\sdk\idebugoverlay.hpp(52): error C2143: syntax error: missing ')' before '__thiscall' (compiling source file Cheat\Aimbot\Aimbot.cpp)
c:\users\arthur\desktop\resolve\indigo\sdk\idebugoverlay.hpp(52): error C2143: syntax error: missing ';' before '__thiscall' (compiling source file Cheat\Aimbot\Aimbot.cpp)
c:\users\arthur\desktop\resolve\indigo\sdk\idebugoverlay.hpp(50): error C4430: missing type specifier - int assumed. Note: C++ does not support default-int (compiling source file Engine\Entity.cpp)
c:\users\arthur\desktop\resolve\indigo\sdk\idebugoverlay.hpp(52): error C2059: syntax error: '__thiscall' (compiling source file Cheat\Aimbot\Aimbot.cpp)
c:\users\arthur\desktop\resolve\indigo\sdk\idebugoverlay.hpp(50): error C2143: syntax error: missing ',' before '&' (compiling source file Engine\Entity.cpp)
c:\users\arthur\desktop\resolve\indigo\sdk\idebugoverlay.hpp(50): error C4430: missing type specifier - int assumed. Note: C++ does not support default-int (compiling source file Cheat\InventoryChanger\InventoryChanger.cpp)
c:\users\arthur\desktop\resolve\indigo\sdk\idebugoverlay.hpp(52): error C2059: syntax error: ')' (compiling source file Cheat\Aimbot\Aimbot.cpp)
c:\users\arthur\desktop\resolve\indigo\sdk\idebugoverlay.hpp(52): error C2143: syntax error: missing ')' before '__thiscall' (compiling source file Engine\Entity.cpp)
c:\users\arthur\desktop\resolve\indigo\sdk\idebugoverlay.hpp(50): error C2143: syntax error: missing ',' before '&' (compiling source file Cheat\InventoryChanger\InventoryChanger.cpp)
c:\users\arthur\desktop\resolve\indigo\sdk\idebugoverlay.hpp(53): error C2065: 'OriginalFn': undeclared identifier (compiling source file Cheat\Aimbot\Aimbot.cpp)
c:\users\arthur\desktop\resolve\indigo\sdk\idebugoverlay.hpp(52): error C2143: syntax error: missing ';' before '__thiscall' (compiling source file Engine\Entity.cpp)
c:\users\arthur\desktop\resolve\indigo\sdk\idebugoverlay.hpp(52): error C2143: syntax error: missing ')' before '__thiscall' (compiling source file Cheat\InventoryChanger\InventoryChanger.cpp)
c:\users\arthur\desktop\resolve\indigo\sdk\idebugoverlay.hpp(53): error C2672: 'GetMethod': no matching overloaded function found (compiling source file Cheat\Aimbot\Aimbot.cpp)
c:\users\arthur\desktop\resolve\indigo\sdk\idebugoverlay.hpp(52): error C2059: syntax error: '__thiscall' (compiling source file Engine\Entity.cpp)
c:\users\arthur\desktop\resolve\indigo\sdk\idebugoverlay.hpp(52): error C2143: syntax error: missing ';' before '__thiscall' (compiling source file Cheat\InventoryChanger\InventoryChanger.cpp)
c:\users\arthur\desktop\resolve\indigo\sdk\idebugoverlay.hpp(53): error C2974: 'GetMethod': invalid template argument for 'Function', type expected (compiling source file Cheat\Aimbot\Aimbot.cpp)
c:\users\arthur\desktop\resolve\indigo\sdk\idebugoverlay.hpp(52): error C2059: syntax error: ')' (compiling source file Engine\Entity.cpp)
  c:\users\arthur\desktop\resolve\indigo\sdk\definitions.hpp(17): note: see declaration of 'GetMethod' (compiling source file Cheat\Aimbot\Aimbot.cpp)
c:\users\arthur\desktop\resolve\indigo\sdk\idebugoverlay.hpp(52): error C2059: syntax error: '__thiscall' (compiling source file Cheat\InventoryChanger\InventoryChanger.cpp)
c:\users\arthur\desktop\resolve\indigo\sdk\idebugoverlay.hpp(53): error C2065: 'OriginalFn': undeclared identifier (compiling source file Engine\Entity.cpp)
c:\users\arthur\desktop\resolve\indigo\sdk\idebugoverlay.hpp(53): error C2065: 'vecOrigin': undeclared identifier (compiling source file Cheat\Aimbot\Aimbot.cpp)
c:\users\arthur\desktop\resolve\indigo\sdk\idebugoverlay.hpp(52): error C2059: syntax error: ')' (compiling source file Cheat\InventoryChanger\InventoryChanger.cpp)
c:\users\arthur\desktop\resolve\indigo\sdk\idebugoverlay.hpp(53): error C2672: 'GetMethod': no matching overloaded function found (compiling source file Engine\Entity.cpp)
c:\users\arthur\desktop\resolve\indigo\sdk\idebugoverlay.hpp(53): error C2065: 'vecScreen': undeclared identifier (compiling source file Cheat\Aimbot\Aimbot.cpp)
c:\users\arthur\desktop\resolve\indigo\sdk\idebugoverlay.hpp(53): error C2065: 'OriginalFn': undeclared identifier (compiling source file Cheat\InventoryChanger\InventoryChanger.cpp)
c:\users\arthur\desktop\resolve\indigo\sdk\idebugoverlay.hpp(53): error C2974: 'GetMethod': invalid template argument for 'Function', type expected (compiling source file Engine\Entity.cpp)
c:\users\arthur\desktop\resolve\indigo\sdk\idebugoverlay.hpp(53): error C2672: 'GetMethod': no matching overloaded function found (compiling source file Cheat\InventoryChanger\InventoryChanger.cpp)
  c:\users\arthur\desktop\resolve\indigo\sdk\definitions.hpp(17): note: see declaration of 'GetMethod' (compiling source file Engine\Entity.cpp)
c:\users\arthur\desktop\resolve\indigo\sdk\idebugoverlay.hpp(53): error C2974: 'GetMethod': invalid template argument for 'Function', type expected (compiling source file Cheat\InventoryChanger\InventoryChanger.cpp)
c:\users\arthur\desktop\resolve\indigo\sdk\idebugoverlay.hpp(53): error C2065: 'vecOrigin': undeclared identifier (compiling source file Engine\Entity.cpp)
  c:\users\arthur\desktop\resolve\indigo\sdk\definitions.hpp(17): note: see declaration of 'GetMethod' (compiling source file Cheat\InventoryChanger\InventoryChanger.cpp)
c:\users\arthur\desktop\resolve\indigo\sdk\idebugoverlay.hpp(53): error C2065: 'vecScreen': undeclared identifier (compiling source file Engine\Entity.cpp)
c:\users\arthur\desktop\resolve\indigo\sdk\idebugoverlay.hpp(53): error C2065: 'vecOrigin': undeclared identifier (compiling source file Cheat\InventoryChanger\InventoryChanger.cpp)
c:\users\arthur\desktop\resolve\indigo\sdk\idebugoverlay.hpp(53): error C2065: 'vecScreen': undeclared identifier (compiling source file Cheat\InventoryChanger\InventoryChanger.cpp)
c:\users\arthur\desktop\resolve\indigo\sdk\idebugoverlay.hpp(50): error C4430: missing type specifier - int assumed. Note: C++ does not support default-int (compiling source file Engine\NetVar.cpp)
c:\users\arthur\desktop\resolve\indigo\sdk\idebugoverlay.hpp(50): error C2143: syntax error: missing ',' before '&' (compiling source file Engine\NetVar.cpp)
c:\users\arthur\desktop\resolve\indigo\sdk\idebugoverlay.hpp(52): error C2143: syntax error: missing ')' before '__thiscall' (compiling source file Engine\NetVar.cpp)
c:\users\arthur\desktop\resolve\indigo\sdk\idebugoverlay.hpp(52): error C2143: syntax error: missing ';' before '__thiscall' (compiling source file Engine\NetVar.cpp)
c:\users\arthur\desktop\resolve\indigo\sdk\idebugoverlay.hpp(52): error C2059: syntax error: '__thiscall' (compiling source file Engine\NetVar.cpp)
c:\users\arthur\desktop\resolve\indigo\sdk\idebugoverlay.hpp(52): error C2059: syntax error: ')' (compiling source file Engine\NetVar.cpp)
c:\users\arthur\desktop\resolve\indigo\sdk\idebugoverlay.hpp(53): error C2065: 'OriginalFn': undeclared identifier (compiling source file Engine\NetVar.cpp)
c:\users\arthur\desktop\resolve\indigo\sdk\idebugoverlay.hpp(53): error C2672: 'GetMethod': no matching overloaded function found (compiling source file Engine\NetVar.cpp)
c:\users\arthur\desktop\resolve\indigo\sdk\idebugoverlay.hpp(53): error C2974: 'GetMethod': invalid template argument for 'Function', type expected (compiling source file Engine\NetVar.cpp)
  c:\users\arthur\desktop\resolve\indigo\sdk\definitions.hpp(17): note: see declaration of 'GetMethod' (compiling source file Engine\NetVar.cpp)
c:\users\arthur\desktop\resolve\indigo\sdk\idebugoverlay.hpp(53): error C2065: 'vecOrigin': undeclared identifier (compiling source file Engine\NetVar.cpp)
c:\users\arthur\desktop\resolve\indigo\sdk\idebugoverlay.hpp(53): error C2065: 'vecScreen': undeclared identifier (compiling source file Engine\NetVar.cpp)
c:\users\arthur\desktop\resolve\indigo\sdk\idebugoverlay.hpp(50): error C4430: missing type specifier - int assumed. Note: C++ does not support default-int (compiling source file Cheat\Client.cpp)
c:\users\arthur\desktop\resolve\indigo\sdk\idebugoverlay.hpp(50): error C4430: missing type specifier - int assumed. Note: C++ does not support default-int (compiling source file Engine\Render.cpp)
c:\users\arthur\desktop\resolve\indigo\sdk\idebugoverlay.hpp(50): error C2143: syntax error: missing ',' before '&' (compiling source file Cheat\Client.cpp)
c:\users\arthur\desktop\resolve\indigo\sdk\idebugoverlay.hpp(50): error C2143: syntax error: missing ',' before '&' (compiling source file Engine\Render.cpp)
c:\users\arthur\desktop\resolve\indigo\sdk\idebugoverlay.hpp(52): error C2143: syntax error: missing ')' before '__thiscall' (compiling source file Cheat\Client.cpp)
c:\users\arthur\desktop\resolve\indigo\sdk\idebugoverlay.hpp(52): error C2143: syntax error: missing ')' before '__thiscall' (compiling source file Engine\Render.cpp)
c:\users\arthur\desktop\resolve\indigo\sdk\idebugoverlay.hpp(52): error C2143: syntax error: missing ';' before '__thiscall' (compiling source file Cheat\Client.cpp)
c:\users\arthur\desktop\resolve\indigo\sdk\idebugoverlay.hpp(52): error C2143: syntax error: missing ';' before '__thiscall' (compiling source file Engine\Render.cpp)
c:\users\arthur\desktop\resolve\indigo\sdk\idebugoverlay.hpp(52): error C2059: syntax error: '__thiscall' (compiling source file Cheat\Client.cpp)
c:\users\arthur\desktop\resolve\indigo\sdk\idebugoverlay.hpp(52): error C2059: syntax error: '__thiscall' (compiling source file Engine\Render.cpp)
c:\users\arthur\desktop\resolve\indigo\sdk\idebugoverlay.hpp(52): error C2059: syntax error: ')' (compiling source file Cheat\Client.cpp)
c:\users\arthur\desktop\resolve\indigo\sdk\idebugoverlay.hpp(52): error C2059: syntax error: ')' (compiling source file Engine\Render.cpp)
c:\users\arthur\desktop\resolve\indigo\sdk\idebugoverlay.hpp(53): error C2065: 'OriginalFn': undeclared identifier (compiling source file Cheat\Client.cpp)
c:\users\arthur\desktop\resolve\indigo\sdk\idebugoverlay.hpp(53): error C2065: 'OriginalFn': undeclared identifier (compiling source file Engine\Render.cpp)
c:\users\arthur\desktop\resolve\indigo\sdk\idebugoverlay.hpp(53): error C2672: 'GetMethod': no matching overloaded function found (compiling source file Cheat\Client.cpp)
c:\users\arthur\desktop\resolve\indigo\sdk\idebugoverlay.hpp(53): error C2672: 'GetMethod': no matching overloaded function found (compiling source file Engine\Render.cpp)
c:\users\arthur\desktop\resolve\indigo\sdk\idebugoverlay.hpp(53): error C2974: 'GetMethod': invalid template argument for 'Function', type expected (compiling source file Engine\Render.cpp)
c:\users\arthur\desktop\resolve\indigo\sdk\idebugoverlay.hpp(53): error C2974: 'GetMethod': invalid template argument for 'Function', type expected (compiling source file Cheat\Client.cpp)
  c:\users\arthur\desktop\resolve\indigo\sdk\definitions.hpp(17): note: see declaration of 'GetMethod' (compiling source file Engine\Render.cpp)
  c:\users\arthur\desktop\resolve\indigo\sdk\definitions.hpp(17): note: see declaration of 'GetMethod' (compiling source file Cheat\Client.cpp)
c:\users\arthur\desktop\resolve\indigo\sdk\idebugoverlay.hpp(53): error C2065: 'vecOrigin': undeclared identifier (compiling source file Engine\Render.cpp)
c:\users\arthur\desktop\resolve\indigo\sdk\idebugoverlay.hpp(53): error C2065: 'vecOrigin': undeclared identifier (compiling source file Cheat\Client.cpp)
c:\users\arthur\desktop\resolve\indigo\sdk\idebugoverlay.hpp(53): error C2065: 'vecScreen': undeclared identifier (compiling source file Engine\Render.cpp)
c:\users\arthur\desktop\resolve\indigo\sdk\idebugoverlay.hpp(53): error C2065: 'vecScreen': undeclared identifier (compiling source file Cheat\Client.cpp)
c:\users\arthur\desktop\resolve\indigo\sdk\idebugoverlay.hpp(50): error C4430: missing type specifier - int assumed. Note: C++ does not support default-int (compiling source file Engine\Engine.cpp)
c:\users\arthur\desktop\resolve\indigo\sdk\idebugoverlay.hpp(50): error C4430: missing type specifier - int assumed. Note: C++ does not support default-int (compiling source file Cheat\Backtrack\LagComp.cpp)
c:\users\arthur\desktop\resolve\indigo\sdk\idebugoverlay.hpp(50): error C4430: missing type specifier - int assumed. Note: C++ does not support default-int (compiling source file Cheat\Esp\Esp.cpp)
c:\users\arthur\desktop\resolve\indigo\sdk\idebugoverlay.hpp(50): error C2143: syntax error: missing ',' before '&' (compiling source file Engine\Engine.cpp)
c:\users\arthur\desktop\resolve\indigo\sdk\idebugoverlay.hpp(50): error C2143: syntax error: missing ',' before '&' (compiling source file Cheat\Backtrack\LagComp.cpp)
c:\users\arthur\desktop\resolve\indigo\sdk\idebugoverlay.hpp(50): error C2143: syntax error: missing ',' before '&' (compiling source file Cheat\Esp\Esp.cpp)
c:\users\arthur\desktop\resolve\indigo\sdk\idebugoverlay.hpp(52): error C2143: syntax error: missing ')' before '__thiscall' (compiling source file Engine\Engine.cpp)
c:\users\arthur\desktop\resolve\indigo\sdk\idebugoverlay.hpp(52): error C2143: syntax error: missing ')' before '__thiscall' (compiling source file Cheat\Backtrack\LagComp.cpp)
c:\users\arthur\desktop\resolve\indigo\sdk\idebugoverlay.hpp(52): error C2143: syntax error: missing ')' before '__thiscall' (compiling source file Cheat\Esp\Esp.cpp)
c:\users\arthur\desktop\resolve\indigo\sdk\idebugoverlay.hpp(52): error C2143: syntax error: missing ';' before '__thiscall' (compiling source file Engine\Engine.cpp)
c:\users\arthur\desktop\resolve\indigo\sdk\idebugoverlay.hpp(52): error C2143: syntax error: missing ';' before '__thiscall' (compiling source file Cheat\Backtrack\LagComp.cpp)
c:\users\arthur\desktop\resolve\indigo\sdk\idebugoverlay.hpp(52): error C2143: syntax error: missing ';' before '__thiscall' (compiling source file Cheat\Esp\Esp.cpp)
c:\users\arthur\desktop\resolve\indigo\sdk\idebugoverlay.hpp(52): error C2059: syntax error: '__thiscall' (compiling source file Engine\Engine.cpp)
c:\users\arthur\desktop\resolve\indigo\sdk\idebugoverlay.hpp(52): error C2059: syntax error: '__thiscall' (compiling source file Cheat\Backtrack\LagComp.cpp)
c:\users\arthur\desktop\resolve\indigo\sdk\idebugoverlay.hpp(52): error C2059: syntax error: '__thiscall' (compiling source file Cheat\Esp\Esp.cpp)
c:\users\arthur\desktop\resolve\indigo\sdk\idebugoverlay.hpp(52): error C2059: syntax error: ')' (compiling source file Engine\Engine.cpp)
c:\users\arthur\desktop\resolve\indigo\sdk\idebugoverlay.hpp(52): error C2059: syntax error: ')' (compiling source file Cheat\Backtrack\LagComp.cpp)
c:\users\arthur\desktop\resolve\indigo\sdk\idebugoverlay.hpp(52): error C2059: syntax error: ')' (compiling source file Cheat\Esp\Esp.cpp)
c:\users\arthur\desktop\resolve\indigo\sdk\idebugoverlay.hpp(53): error C2065: 'OriginalFn': undeclared identifier (compiling source file Engine\Engine.cpp)
c:\users\arthur\desktop\resolve\indigo\sdk\idebugoverlay.hpp(53): error C2065: 'OriginalFn': undeclared identifier (compiling source file Cheat\Backtrack\LagComp.cpp)
c:\users\arthur\desktop\resolve\indigo\sdk\idebugoverlay.hpp(53): error C2065: 'OriginalFn': undeclared identifier (compiling source file Cheat\Esp\Esp.cpp)
c:\users\arthur\desktop\resolve\indigo\sdk\idebugoverlay.hpp(53): error C2672: 'GetMethod': no matching overloaded function found (compiling source file Engine\Engine.cpp)
c:\users\arthur\desktop\resolve\indigo\sdk\idebugoverlay.hpp(53): error C2672: 'GetMethod': no matching overloaded function found (compiling source file Cheat\Backtrack\LagComp.cpp)
c:\users\arthur\desktop\resolve\indigo\sdk\idebugoverlay.hpp(53): error C2672: 'GetMethod': no matching overloaded function found (compiling source file Cheat\Esp\Esp.cpp)
c:\users\arthur\desktop\resolve\indigo\sdk\idebugoverlay.hpp(53): error C2974: 'GetMethod': invalid template argument for 'Function', type expected (compiling source file Engine\Engine.cpp)
c:\users\arthur\desktop\resolve\indigo\sdk\idebugoverlay.hpp(53): error C2974: 'GetMethod': invalid template argument for 'Function', type expected (compiling source file Cheat\Backtrack\LagComp.cpp)
c:\users\arthur\desktop\resolve\indigo\sdk\idebugoverlay.hpp(53): error C2974: 'GetMethod': invalid template argument for 'Function', type expected (compiling source file Cheat\Esp\Esp.cpp)
  c:\users\arthur\desktop\resolve\indigo\sdk\definitions.hpp(17): note: see declaration of 'GetMethod' (compiling source file Engine\Engine.cpp)
  c:\users\arthur\desktop\resolve\indigo\sdk\definitions.hpp(17): note: see declaration of 'GetMethod' (compiling source file Cheat\Backtrack\LagComp.cpp)
  c:\users\arthur\desktop\resolve\indigo\sdk\definitions.hpp(17): note: see declaration of 'GetMethod' (compiling source file Cheat\Esp\Esp.cpp)
c:\users\arthur\desktop\resolve\indigo\sdk\idebugoverlay.hpp(53): error C2065: 'vecOrigin': undeclared identifier (compiling source file Engine\Engine.cpp)
c:\users\arthur\desktop\resolve\indigo\sdk\idebugoverlay.hpp(53): error C2065: 'vecOrigin': undeclared identifier (compiling source file Cheat\Backtrack\LagComp.cpp)
c:\users\arthur\desktop\resolve\indigo\sdk\idebugoverlay.hpp(53): error C2065: 'vecOrigin': undeclared identifier (compiling source file Cheat\Esp\Esp.cpp)
c:\users\arthur\desktop\resolve\indigo\sdk\idebugoverlay.hpp(53): error C2065: 'vecScreen': undeclared identifier (compiling source file Engine\Engine.cpp)
c:\users\arthur\desktop\resolve\indigo\sdk\idebugoverlay.hpp(53): error C2065: 'vecScreen': undeclared identifier (compiling source file Cheat\Backtrack\LagComp.cpp)
c:\users\arthur\desktop\resolve\indigo\sdk\idebugoverlay.hpp(53): error C2065: 'vecScreen': undeclared identifier (compiling source file Cheat\Esp\Esp.cpp)
c:\users\arthur\desktop\resolve\indigo\sdk\idebugoverlay.hpp(50): error C4430: missing type specifier - int assumed. Note: C++ does not support default-int (compiling source file Cheat\Skin\DynSkin.cpp)
c:\users\arthur\desktop\resolve\indigo\sdk\idebugoverlay.hpp(50): error C2143: syntax error: missing ',' before '&' (compiling source file Cheat\Skin\DynSkin.cpp)
c:\users\arthur\desktop\resolve\indigo\sdk\idebugoverlay.hpp(52): error C2143: syntax error: missing ')' before '__thiscall' (compiling source file Cheat\Skin\DynSkin.cpp)
c:\users\arthur\desktop\resolve\indigo\sdk\idebugoverlay.hpp(52): error C2143: syntax error: missing ';' before '__thiscall' (compiling source file Cheat\Skin\DynSkin.cpp)
c:\users\arthur\desktop\resolve\indigo\sdk\idebugoverlay.hpp(52): error C2059: syntax error: '__thiscall' (compiling source file Cheat\Skin\DynSkin.cpp)
c:\users\arthur\desktop\resolve\indigo\sdk\idebugoverlay.hpp(52): error C2059: syntax error: ')' (compiling source file Cheat\Skin\DynSkin.cpp)
c:\users\arthur\desktop\resolve\indigo\sdk\idebugoverlay.hpp(53): error C2065: 'OriginalFn': undeclared identifier (compiling source file Cheat\Skin\DynSkin.cpp)
c:\users\arthur\desktop\resolve\indigo\sdk\idebugoverlay.hpp(53): error C2672: 'GetMethod': no matching overloaded function found (compiling source file Cheat\Skin\DynSkin.cpp)
c:\users\arthur\desktop\resolve\indigo\sdk\idebugoverlay.hpp(53): error C2974: 'GetMethod': invalid template argument for 'Function', type expected (compiling source file Cheat\Skin\DynSkin.cpp)
  c:\users\arthur\desktop\resolve\indigo\sdk\definitions.hpp(17): note: see declaration of 'GetMethod' (compiling source file Cheat\Skin\DynSkin.cpp)
c:\users\arthur\desktop\resolve\indigo\sdk\idebugoverlay.hpp(53): error C2065: 'vecOrigin': undeclared identifier (compiling source file Cheat\Skin\DynSkin.cpp)
c:\users\arthur\desktop\resolve\indigo\sdk\idebugoverlay.hpp(53): error C2065: 'vecScreen': undeclared identifier (compiling source file Cheat\Skin\DynSkin.cpp)
c:\users\arthur\desktop\resolve\indigo\sdk\idebugoverlay.hpp(50): error C4430: missing type specifier - int assumed. Note: C++ does not support default-int (compiling source file Cheat\Skin\Skin.cpp)
c:\users\arthur\desktop\resolve\indigo\sdk\idebugoverlay.hpp(50): error C2143: syntax error: missing ',' before '&' (compiling source file Cheat\Skin\Skin.cpp)
c:\users\arthur\desktop\resolve\indigo\sdk\idebugoverlay.hpp(52): error C2143: syntax error: missing ')' before '__thiscall' (compiling source file Cheat\Skin\Skin.cpp)
c:\users\arthur\desktop\resolve\indigo\sdk\idebugoverlay.hpp(52): error C2143: syntax error: missing ';' before '__thiscall' (compiling source file Cheat\Skin\Skin.cpp)
c:\users\arthur\desktop\resolve\indigo\sdk\idebugoverlay.hpp(52): error C2059: syntax error: '__thiscall' (compiling source file Cheat\Skin\Skin.cpp)
c:\users\arthur\desktop\resolve\indigo\sdk\idebugoverlay.hpp(52): error C2059: syntax error: ')' (compiling source file Cheat\Skin\Skin.cpp)
c:\users\arthur\desktop\resolve\indigo\sdk\idebugoverlay.hpp(53): error C2065: 'OriginalFn': undeclared identifier (compiling source file Cheat\Skin\Skin.cpp)
c:\users\arthur\desktop\resolve\indigo\sdk\idebugoverlay.hpp(53): error C2672: 'GetMethod': no matching overloaded function found (compiling source file Cheat\Skin\Skin.cpp)
c:\users\arthur\desktop\resolve\indigo\sdk\idebugoverlay.hpp(53): error C2974: 'GetMethod': invalid template argument for 'Function', type expected (compiling source file Cheat\Skin\Skin.cpp)
  c:\users\arthur\desktop\resolve\indigo\sdk\definitions.hpp(17): note: see declaration of 'GetMethod' (compiling source file Cheat\Skin\Skin.cpp)
c:\users\arthur\desktop\resolve\indigo\sdk\idebugoverlay.hpp(53): error C2065: 'vecOrigin': undeclared identifier (compiling source file Cheat\Skin\Skin.cpp)
c:\users\arthur\desktop\resolve\indigo\sdk\idebugoverlay.hpp(53): error C2065: 'vecScreen': undeclared identifier (compiling source file Cheat\Skin\Skin.cpp)
c:\users\arthur\desktop\resolve\indigo\protobuf\base_gcmessages.pb.h(9): fatal error C1083: Cannot open include file: 'google/protobuf/stubs/common.h': No such file or directory (compiling source file Cheat\Misc\Misc.cpp)
c:\users\arthur\desktop\resolve\indigo\protobuf\base_gcmessages.pb.h(9): fatal error C1083: Cannot open include file: 'google/protobuf/stubs/common.h': No such file or directory (compiling source file Cheat\Knifebot\Knifebot.cpp)
c:\users\arthur\desktop\resolve\indigo\protobuf\base_gcmessages.pb.h(9): fatal error C1083: Cannot open include file: 'google/protobuf/stubs/common.h': No such file or directory (compiling source file Engine\Players.cpp)
c:\users\arthur\desktop\resolve\indigo\protobuf\base_gcmessages.pb.h(9): fatal error C1083: Cannot open include file: 'google/protobuf/stubs/common.h': No such file or directory (compiling source file Engine\Hook.cpp)
c:\users\arthur\desktop\resolve\indigo\protobuf\base_gcmessages.pb.h(9): fatal error C1083: Cannot open include file: 'google/protobuf/stubs/common.h': No such file or directory (compiling source file Engine\Offset.cpp)
  Weapon.cpp
  Gui.cpp
c:\users\arthur\desktop\resolve\indigo\protobuf\base_gcmessages.pb.h(9): fatal error C1083: Cannot open include file: 'google/protobuf/stubs/common.h': No such file or directory (compiling source file Cheat\Aimbot\Aimbot.cpp)
  License.cpp
  Main.cpp
c:\users\arthur\desktop\resolve\indigo\protobuf\base_gcmessages.pb.h(9): fatal error C1083: Cannot open include file: 'google/protobuf/stubs/common.h': No such file or directory (compiling source file Engine\Entity.cpp)
  base_gcmessages.pb.cc
c:\users\arthur\desktop\resolve\indigo\protobuf\base_gcmessages.pb.h(9): fatal error C1083: Cannot open include file: 'google/protobuf/stubs/common.h': No such file or directory (compiling source file Cheat\InventoryChanger\InventoryChanger.cpp)
  cstrike15_gcmessages.pb.cc
c:\users\arthur\desktop\resolve\indigo\protobuf\base_gcmessages.pb.h(9): fatal error C1083: Cannot open include file: 'google/protobuf/stubs/common.h': No such file or directory (compiling source file Engine\NetVar.cpp)
c:\users\arthur\desktop\resolve\indigo\protobuf\base_gcmessages.pb.h(9): fatal error C1083: Cannot open include file: 'google/protobuf/stubs/common.h': No such file or directory (compiling source file Cheat\Skin\DynSkin.cpp)
  econ_gcmessages.pb.cc
  engine_gcmessages.pb.cc
  fatdemo.pb.cc
  gcsdk_gcmessages.pb.cc
c:\users\arthur\desktop\resolve\indigo\protobuf\base_gcmessages.pb.h(9): fatal error C1083: Cannot open include file: 'google/protobuf/stubs/common.h': No such file or directory (compiling source file Engine\Render.cpp)
  gcsystemmsgs.pb.cc
c:\users\arthur\desktop\resolve\indigo\protobuf\base_gcmessages.pb.h(9): fatal error C1083: Cannot open include file: 'google/protobuf/stubs/common.h': No such file or directory (compiling source file Cheat\Client.cpp)
  netmessages.pb.cc
c:\users\arthur\desktop\resolve\indigo\protobuf\base_gcmessages.pb.h(9): fatal error C1083: Cannot open include file: 'google/protobuf/stubs/common.h': No such file or directory (compiling source file Cheat\Skin\Skin.cpp)
  network_connection.pb.cc
c:\users\arthur\desktop\resolve\indigo\protobuf\base_gcmessages.pb.h(9): fatal error C1083: Cannot open include file: 'google/protobuf/stubs/common.h': No such file or directory (compiling source file Cheat\Esp\Esp.cpp)
  steamdatagram_messages.pb.cc
c:\users\arthur\desktop\resolve\indigo\protobuf\base_gcmessages.pb.h(9): fatal error C1083: Cannot open include file: 'google/protobuf/stubs/common.h': No such file or directory (compiling source file Cheat\Backtrack\LagComp.cpp)
  steammessages.pb.cc
c:\users\arthur\desktop\resolve\indigo\protobuf\base_gcmessages.pb.h(9): fatal error C1083: Cannot open include file: 'google/protobuf/stubs/common.h': No such file or directory (compiling source file Engine\Engine.cpp)
  KeyValues.cpp
c:\users\arthur\desktop\resolve\indigo\protobuf\cstrike15_gcmessages.pb.h(9): fatal error C1083: Cannot open include file: 'google/protobuf/stubs/common.h': No such file or directory (compiling source file protobuf\cstrike15_gcmessages.pb.cc)
c:\users\arthur\desktop\resolve\indigo\protobuf\base_gcmessages.pb.h(9): fatal error C1083: Cannot open include file: 'google/protobuf/stubs/common.h': No such file or directory (compiling source file protobuf\base_gcmessages.pb.cc)
  SDK.cpp
  Spoofed.cpp
c:\users\arthur\desktop\resolve\indigo\protobuf\econ_gcmessages.pb.h(9): fatal error C1083: Cannot open include file: 'google/protobuf/stubs/common.h': No such file or directory (compiling source file protobuf\econ_gcmessages.pb.cc)
c:\users\arthur\desktop\resolve\indigo\protobuf\fatdemo.pb.h(9): fatal error C1083: Cannot open include file: 'google/protobuf/stubs/common.h': No such file or directory (compiling source file protobuf\fatdemo.pb.cc)
c:\users\arthur\desktop\resolve\indigo\protobuf\engine_gcmessages.pb.h(9): fatal error C1083: Cannot open include file: 'google/protobuf/stubs/common.h': No such file or directory (compiling source file protobuf\engine_gcmessages.pb.cc)
  Settings.cpp
c:\users\arthur\desktop\resolve\indigo\protobuf\gcsdk_gcmessages.pb.h(9): fatal error C1083: Cannot open include file: 'google/protobuf/stubs/common.h': No such file or directory (compiling source file protobuf\gcsdk_gcmessages.pb.cc)
c:\users\arthur\desktop\resolve\indigo\protobuf\gcsystemmsgs.pb.h(9): fatal error C1083: Cannot open include file: 'google/protobuf/stubs/common.h': No such file or directory (compiling source file protobuf\gcsystemmsgs.pb.cc)
c:\users\arthur\desktop\resolve\indigo\protobuf\netmessages.pb.h(9): fatal error C1083: Cannot open include file: 'google/protobuf/stubs/common.h': No such file or directory (compiling source file protobuf\netmessages.pb.cc)
c:\users\arthur\desktop\resolve\indigo\protobuf\steamdatagram_messages.pb.h(9): fatal error C1083: Cannot open include file: 'google/protobuf/stubs/common.h': No such file or directory (compiling source file protobuf\steamdatagram_messages.pb.cc)
c:\users\arthur\desktop\resolve\indigo\protobuf\network_connection.pb.h(9): fatal error C1083: Cannot open include file: 'google/protobuf/stubs/common.h': No such file or directory (compiling source file protobuf\network_connection.pb.cc)
c:\users\arthur\desktop\resolve\indigo\protobuf\steammessages.pb.h(9): fatal error C1083: Cannot open include file: 'google/protobuf/stubs/common.h': No such file or directory (compiling source file protobuf\steammessages.pb.cc)
c:\users\arthur\desktop\resolve\indigo\sdk\idebugoverlay.hpp(50): error C4430: missing type specifier - int assumed. Note: C++ does not support default-int (compiling source file Gui\Gui.cpp)
c:\users\arthur\desktop\resolve\indigo\sdk\idebugoverlay.hpp(50): error C2143: syntax error: missing ',' before '&' (compiling source file Gui\Gui.cpp)
c:\users\arthur\desktop\resolve\indigo\sdk\idebugoverlay.hpp(52): error C2143: syntax error: missing ')' before '__thiscall' (compiling source file Gui\Gui.cpp)
c:\users\arthur\desktop\resolve\indigo\sdk\idebugoverlay.hpp(52): error C2143: syntax error: missing ';' before '__thiscall' (compiling source file Gui\Gui.cpp)
c:\users\arthur\desktop\resolve\indigo\sdk\idebugoverlay.hpp(52): error C2059: syntax error: '__thiscall' (compiling source file Gui\Gui.cpp)
c:\users\arthur\desktop\resolve\indigo\sdk\idebugoverlay.hpp(52): error C2059: syntax error: ')' (compiling source file Gui\Gui.cpp)
c:\users\arthur\desktop\resolve\indigo\sdk\idebugoverlay.hpp(53): error C2065: 'OriginalFn': undeclared identifier (compiling source file Gui\Gui.cpp)
c:\users\arthur\desktop\resolve\indigo\sdk\idebugoverlay.hpp(53): error C2672: 'GetMethod': no matching overloaded function found (compiling source file Gui\Gui.cpp)
c:\users\arthur\desktop\resolve\indigo\sdk\idebugoverlay.hpp(53): error C2974: 'GetMethod': invalid template argument for 'Function', type expected (compiling source file Gui\Gui.cpp)
  c:\users\arthur\desktop\resolve\indigo\sdk\definitions.hpp(17): note: see declaration of 'GetMethod' (compiling source file Gui\Gui.cpp)
c:\users\arthur\desktop\resolve\indigo\sdk\idebugoverlay.hpp(53): error C2065: 'vecOrigin': undeclared identifier (compiling source file Gui\Gui.cpp)
c:\users\arthur\desktop\resolve\indigo\sdk\idebugoverlay.hpp(53): error C2065: 'vecScreen': undeclared identifier (compiling source file Gui\Gui.cpp)
c:\users\arthur\desktop\resolve\indigo\sdk\idebugoverlay.hpp(50): error C4430: missing type specifier - int assumed. Note: C++ does not support default-int (compiling source file Engine\Weapon.cpp)
c:\users\arthur\desktop\resolve\indigo\sdk\idebugoverlay.hpp(50): error C2143: syntax error: missing ',' before '&' (compiling source file Engine\Weapon.cpp)
c:\users\arthur\desktop\resolve\indigo\sdk\idebugoverlay.hpp(52): error C2143: syntax error: missing ')' before '__thiscall' (compiling source file Engine\Weapon.cpp)
c:\users\arthur\desktop\resolve\indigo\sdk\idebugoverlay.hpp(52): error C2143: syntax error: missing ';' before '__thiscall' (compiling source file Engine\Weapon.cpp)
c:\users\arthur\desktop\resolve\indigo\sdk\idebugoverlay.hpp(52): error C2059: syntax error: '__thiscall' (compiling source file Engine\Weapon.cpp)
c:\users\arthur\desktop\resolve\indigo\sdk\idebugoverlay.hpp(52): error C2059: syntax error: ')' (compiling source file Engine\Weapon.cpp)
c:\users\arthur\desktop\resolve\indigo\sdk\idebugoverlay.hpp(53): error C2065: 'OriginalFn': undeclared identifier (compiling source file Engine\Weapon.cpp)
c:\users\arthur\desktop\resolve\indigo\sdk\idebugoverlay.hpp(53): error C2672: 'GetMethod': no matching overloaded function found (compiling source file Engine\Weapon.cpp)
c:\users\arthur\desktop\resolve\indigo\sdk\idebugoverlay.hpp(53): error C2974: 'GetMethod': invalid template argument for 'Function', type expected (compiling source file Engine\Weapon.cpp)
  c:\users\arthur\desktop\resolve\indigo\sdk\definitions.hpp(17): note: see declaration of 'GetMethod' (compiling source file Engine\Weapon.cpp)
c:\users\arthur\desktop\resolve\indigo\sdk\idebugoverlay.hpp(53): error C2065: 'vecOrigin': undeclared identifier (compiling source file Engine\Weapon.cpp)
c:\users\arthur\desktop\resolve\indigo\sdk\idebugoverlay.hpp(53): error C2065: 'vecScreen': undeclared identifier (compiling source file Engine\Weapon.cpp)
c:\users\arthur\desktop\resolve\indigo\sdk\idebugoverlay.hpp(50): error C4430: missing type specifier - int assumed. Note: C++ does not support default-int (compiling source file License\License.cpp)
c:\users\arthur\desktop\resolve\indigo\sdk\idebugoverlay.hpp(50): error C2143: syntax error: missing ',' before '&' (compiling source file License\License.cpp)
c:\users\arthur\desktop\resolve\indigo\sdk\idebugoverlay.hpp(52): error C2143: syntax error: missing ')' before '__thiscall' (compiling source file License\License.cpp)
c:\users\arthur\desktop\resolve\indigo\sdk\idebugoverlay.hpp(52): error C2143: syntax error: missing ';' before '__thiscall' (compiling source file License\License.cpp)
c:\users\arthur\desktop\resolve\indigo\sdk\idebugoverlay.hpp(52): error C2059: syntax error: '__thiscall' (compiling source file License\License.cpp)
c:\users\arthur\desktop\resolve\indigo\sdk\idebugoverlay.hpp(52): error C2059: syntax error: ')' (compiling source file License\License.cpp)
c:\users\arthur\desktop\resolve\indigo\sdk\idebugoverlay.hpp(53): error C2065: 'OriginalFn': undeclared identifier (compiling source file License\License.cpp)
c:\users\arthur\desktop\resolve\indigo\sdk\idebugoverlay.hpp(53): error C2672: 'GetMethod': no matching overloaded function found (compiling source file License\License.cpp)
c:\users\arthur\desktop\resolve\indigo\sdk\idebugoverlay.hpp(53): error C2974: 'GetMethod': invalid template argument for 'Function', type expected (compiling source file License\License.cpp)
  c:\users\arthur\desktop\resolve\indigo\sdk\definitions.hpp(17): note: see declaration of 'GetMethod' (compiling source file License\License.cpp)
c:\users\arthur\desktop\resolve\indigo\sdk\idebugoverlay.hpp(53): error C2065: 'vecOrigin': undeclared identifier (compiling source file License\License.cpp)
c:\users\arthur\desktop\resolve\indigo\sdk\idebugoverlay.hpp(53): error C2065: 'vecScreen': undeclared identifier (compiling source file License\License.cpp)
c:\users\arthur\desktop\resolve\indigo\sdk\idebugoverlay.hpp(50): error C4430: missing type specifier - int assumed. Note: C++ does not support default-int (compiling source file SDK\KeyValues.cpp)
c:\users\arthur\desktop\resolve\indigo\sdk\idebugoverlay.hpp(50): error C2143: syntax error: missing ',' before '&' (compiling source file SDK\KeyValues.cpp)
c:\users\arthur\desktop\resolve\indigo\sdk\idebugoverlay.hpp(52): error C2143: syntax error: missing ')' before '__thiscall' (compiling source file SDK\KeyValues.cpp)
c:\users\arthur\desktop\resolve\indigo\sdk\idebugoverlay.hpp(52): error C2143: syntax error: missing ';' before '__thiscall' (compiling source file SDK\KeyValues.cpp)
c:\users\arthur\desktop\resolve\indigo\sdk\idebugoverlay.hpp(52): error C2059: syntax error: '__thiscall' (compiling source file SDK\KeyValues.cpp)
c:\users\arthur\desktop\resolve\indigo\sdk\idebugoverlay.hpp(52): error C2059: syntax error: ')' (compiling source file SDK\KeyValues.cpp)
c:\users\arthur\desktop\resolve\indigo\sdk\idebugoverlay.hpp(53): error C2065: 'OriginalFn': undeclared identifier (compiling source file SDK\KeyValues.cpp)
c:\users\arthur\desktop\resolve\indigo\sdk\idebugoverlay.hpp(53): error C2672: 'GetMethod': no matching overloaded function found (compiling source file SDK\KeyValues.cpp)
c:\users\arthur\desktop\resolve\indigo\sdk\idebugoverlay.hpp(53): error C2974: 'GetMethod': invalid template argument for 'Function', type expected (compiling source file SDK\KeyValues.cpp)
  c:\users\arthur\desktop\resolve\indigo\sdk\definitions.hpp(17): note: see declaration of 'GetMethod' (compiling source file SDK\KeyValues.cpp)
c:\users\arthur\desktop\resolve\indigo\sdk\idebugoverlay.hpp(53): error C2065: 'vecOrigin': undeclared identifier (compiling source file SDK\KeyValues.cpp)
c:\users\arthur\desktop\resolve\indigo\sdk\idebugoverlay.hpp(53): error C2065: 'vecScreen': undeclared identifier (compiling source file SDK\KeyValues.cpp)
c:\users\arthur\desktop\resolve\indigo\sdk\idebugoverlay.hpp(50): error C4430: missing type specifier - int assumed. Note: C++ does not support default-int (compiling source file Main\Main.cpp)
c:\users\arthur\desktop\resolve\indigo\sdk\idebugoverlay.hpp(50): error C2143: syntax error: missing ',' before '&' (compiling source file Main\Main.cpp)
c:\users\arthur\desktop\resolve\indigo\sdk\idebugoverlay.hpp(52): error C2143: syntax error: missing ')' before '__thiscall' (compiling source file Main\Main.cpp)
c:\users\arthur\desktop\resolve\indigo\sdk\idebugoverlay.hpp(52): error C2143: syntax error: missing ';' before '__thiscall' (compiling source file Main\Main.cpp)
c:\users\arthur\desktop\resolve\indigo\sdk\idebugoverlay.hpp(52): error C2059: syntax error: '__thiscall' (compiling source file Main\Main.cpp)
c:\users\arthur\desktop\resolve\indigo\sdk\idebugoverlay.hpp(52): error C2059: syntax error: ')' (compiling source file Main\Main.cpp)
c:\users\arthur\desktop\resolve\indigo\sdk\idebugoverlay.hpp(53): error C2065: 'OriginalFn': undeclared identifier (compiling source file Main\Main.cpp)
c:\users\arthur\desktop\resolve\indigo\sdk\idebugoverlay.hpp(53): error C2672: 'GetMethod': no matching overloaded function found (compiling source file Main\Main.cpp)
c:\users\arthur\desktop\resolve\indigo\sdk\idebugoverlay.hpp(53): error C2974: 'GetMethod': invalid template argument for 'Function', type expected (compiling source file Main\Main.cpp)
  c:\users\arthur\desktop\resolve\indigo\sdk\definitions.hpp(17): note: see declaration of 'GetMethod' (compiling source file Main\Main.cpp)
c:\users\arthur\desktop\resolve\indigo\sdk\idebugoverlay.hpp(53): error C2065: 'vecOrigin': undeclared identifier (compiling source file Main\Main.cpp)
c:\users\arthur\desktop\resolve\indigo\sdk\idebugoverlay.hpp(53): error C2065: 'vecScreen': undeclared identifier (compiling source file Main\Main.cpp)
c:\users\arthur\desktop\resolve\indigo\protobuf\base_gcmessages.pb.h(9): fatal error C1083: Cannot open include file: 'google/protobuf/stubs/common.h': No such file or directory (compiling source file Engine\Weapon.cpp)
c:\users\arthur\desktop\resolve\indigo\protobuf\base_gcmessages.pb.h(9): fatal error C1083: Cannot open include file: 'google/protobuf/stubs/common.h': No such file or directory (compiling source file Gui\Gui.cpp)
c:\users\arthur\desktop\resolve\indigo\protobuf\base_gcmessages.pb.h(9): fatal error C1083: Cannot open include file: 'google/protobuf/stubs/common.h': No such file or directory (compiling source file Main\Main.cpp)
c:\users\arthur\desktop\resolve\indigo\protobuf\base_gcmessages.pb.h(9): fatal error C1083: Cannot open include file: 'google/protobuf/stubs/common.h': No such file or directory (compiling source file License\License.cpp)
c:\users\arthur\desktop\resolve\indigo\sdk\idebugoverlay.hpp(50): error C4430: missing type specifier - int assumed. Note: C++ does not support default-int (compiling source file SDK\SDK.cpp)
c:\users\arthur\desktop\resolve\indigo\sdk\idebugoverlay.hpp(50): error C2143: syntax error: missing ',' before '&' (compiling source file SDK\SDK.cpp)
c:\users\arthur\desktop\resolve\indigo\sdk\idebugoverlay.hpp(52): error C2143: syntax error: missing ')' before '__thiscall' (compiling source file SDK\SDK.cpp)
c:\users\arthur\desktop\resolve\indigo\sdk\idebugoverlay.hpp(52): error C2143: syntax error: missing ';' before '__thiscall' (compiling source file SDK\SDK.cpp)
c:\users\arthur\desktop\resolve\indigo\sdk\idebugoverlay.hpp(52): error C2059: syntax error: '__thiscall' (compiling source file SDK\SDK.cpp)
c:\users\arthur\desktop\resolve\indigo\sdk\idebugoverlay.hpp(52): error C2059: syntax error: ')' (compiling source file SDK\SDK.cpp)
c:\users\arthur\desktop\resolve\indigo\sdk\idebugoverlay.hpp(53): error C2065: 'OriginalFn': undeclared identifier (compiling source file SDK\SDK.cpp)
c:\users\arthur\desktop\resolve\indigo\sdk\idebugoverlay.hpp(53): error C2672: 'GetMethod': no matching overloaded function found (compiling source file SDK\SDK.cpp)
c:\users\arthur\desktop\resolve\indigo\sdk\idebugoverlay.hpp(53): error C2974: 'GetMethod': invalid template argument for 'Function', type expected (compiling source file SDK\SDK.cpp)
  c:\users\arthur\desktop\resolve\indigo\sdk\definitions.hpp(17): note: see declaration of 'GetMethod' (compiling source file SDK\SDK.cpp)
c:\users\arthur\desktop\resolve\indigo\sdk\idebugoverlay.hpp(53): error C2065: 'vecOrigin': undeclared identifier (compiling source file SDK\SDK.cpp)
c:\users\arthur\desktop\resolve\indigo\sdk\idebugoverlay.hpp(53): error C2065: 'vecScreen': undeclared identifier (compiling source file SDK\SDK.cpp)
c:\users\arthur\desktop\resolve\indigo\sdk\idebugoverlay.hpp(50): error C4430: missing type specifier - int assumed. Note: C++ does not support default-int (compiling source file SDK\Spoofed.cpp)
c:\users\arthur\desktop\resolve\indigo\sdk\idebugoverlay.hpp(50): error C2143: syntax error: missing ',' before '&' (compiling source file SDK\Spoofed.cpp)
c:\users\arthur\desktop\resolve\indigo\sdk\idebugoverlay.hpp(52): error C2143: syntax error: missing ')' before '__thiscall' (compiling source file SDK\Spoofed.cpp)
c:\users\arthur\desktop\resolve\indigo\sdk\idebugoverlay.hpp(52): error C2143: syntax error: missing ';' before '__thiscall' (compiling source file SDK\Spoofed.cpp)
c:\users\arthur\desktop\resolve\indigo\sdk\idebugoverlay.hpp(52): error C2059: syntax error: '__thiscall' (compiling source file SDK\Spoofed.cpp)
c:\users\arthur\desktop\resolve\indigo\sdk\idebugoverlay.hpp(52): error C2059: syntax error: ')' (compiling source file SDK\Spoofed.cpp)
c:\users\arthur\desktop\resolve\indigo\sdk\idebugoverlay.hpp(53): error C2065: 'OriginalFn': undeclared identifier (compiling source file SDK\Spoofed.cpp)
c:\users\arthur\desktop\resolve\indigo\sdk\idebugoverlay.hpp(53): error C2672: 'GetMethod': no matching overloaded function found (compiling source file SDK\Spoofed.cpp)
c:\users\arthur\desktop\resolve\indigo\sdk\idebugoverlay.hpp(53): error C2974: 'GetMethod': invalid template argument for 'Function', type expected (compiling source file SDK\Spoofed.cpp)
  c:\users\arthur\desktop\resolve\indigo\sdk\definitions.hpp(17): note: see declaration of 'GetMethod' (compiling source file SDK\Spoofed.cpp)
c:\users\arthur\desktop\resolve\indigo\sdk\idebugoverlay.hpp(53): error C2065: 'vecOrigin': undeclared identifier (compiling source file SDK\Spoofed.cpp)
c:\users\arthur\desktop\resolve\indigo\sdk\idebugoverlay.hpp(53): error C2065: 'vecScreen': undeclared identifier (compiling source file SDK\Spoofed.cpp)
c:\users\arthur\desktop\resolve\indigo\sdk\idebugoverlay.hpp(50): error C4430: missing type specifier - int assumed. Note: C++ does not support default-int (compiling source file Settings\Settings.cpp)
c:\users\arthur\desktop\resolve\indigo\sdk\idebugoverlay.hpp(50): error C2143: syntax error: missing ',' before '&' (compiling source file Settings\Settings.cpp)
c:\users\arthur\desktop\resolve\indigo\sdk\idebugoverlay.hpp(52): error C2143: syntax error: missing ')' before '__thiscall' (compiling source file Settings\Settings.cpp)
c:\users\arthur\desktop\resolve\indigo\sdk\idebugoverlay.hpp(52): error C2143: syntax error: missing ';' before '__thiscall' (compiling source file Settings\Settings.cpp)
c:\users\arthur\desktop\resolve\indigo\sdk\idebugoverlay.hpp(52): error C2059: syntax error: '__thiscall' (compiling source file Settings\Settings.cpp)
c:\users\arthur\desktop\resolve\indigo\sdk\idebugoverlay.hpp(52): error C2059: syntax error: ')' (compiling source file Settings\Settings.cpp)
c:\users\arthur\desktop\resolve\indigo\sdk\idebugoverlay.hpp(53): error C2065: 'OriginalFn': undeclared identifier (compiling source file Settings\Settings.cpp)
c:\users\arthur\desktop\resolve\indigo\sdk\idebugoverlay.hpp(53): error C2672: 'GetMethod': no matching overloaded function found (compiling source file Settings\Settings.cpp)
c:\users\arthur\desktop\resolve\indigo\sdk\idebugoverlay.hpp(53): error C2974: 'GetMethod': invalid template argument for 'Function', type expected (compiling source file Settings\Settings.cpp)
  c:\users\arthur\desktop\resolve\indigo\sdk\definitions.hpp(17): note: see declaration of 'GetMethod' (compiling source file Settings\Settings.cpp)
c:\users\arthur\desktop\resolve\indigo\sdk\idebugoverlay.hpp(53): error C2065: 'vecOrigin': undeclared identifier (compiling source file Settings\Settings.cpp)
c:\users\arthur\desktop\resolve\indigo\sdk\idebugoverlay.hpp(53): error C2065: 'vecScreen': undeclared identifier (compiling source file Settings\Settings.cpp)
c:\users\arthur\desktop\resolve\indigo\sdk\sdk.cpp(32): error C2143: syntax error: missing ';' before '*'
c:\users\arthur\desktop\resolve\indigo\sdk\sdk.cpp(32): error C4430: missing type specifier - int assumed. Note: C++ does not support default-int
c:\users\arthur\desktop\resolve\indigo\sdk\sdk.cpp(32): error C2653: 'shit': is not a class or namespace name
c:\users\arthur\desktop\resolve\indigo\sdk\sdk.cpp(303): error C2143: syntax error: missing ';' before '*'
c:\users\arthur\desktop\resolve\indigo\sdk\sdk.cpp(303): error C4430: missing type specifier - int assumed. Note: C++ does not support default-int
c:\users\arthur\desktop\resolve\indigo\sdk\sdk.cpp(303): error C2086: 'int SDK::IViewRenderBeams': redefinition
  c:\users\arthur\desktop\resolve\indigo\sdk\sdk.cpp(32): note: see declaration of 'SDK::IViewRenderBeams'
c:\users\arthur\desktop\resolve\indigo\sdk\sdk.cpp(303): error C2653: 'shit': is not a class or namespace name
c:\users\arthur\desktop\resolve\indigo\sdk\sdk.cpp(304): error C4430: missing type specifier - int assumed. Note: C++ does not support default-int
c:\users\arthur\desktop\resolve\indigo\sdk\sdk.cpp(304): error C2059: syntax error: '{'
c:\users\arthur\desktop\resolve\indigo\sdk\sdk.cpp(304): error C2143: syntax error: missing ';' before '{'
c:\users\arthur\desktop\resolve\indigo\sdk\sdk.cpp(304): error C2447: '{': missing function header (old-style formal list?)
c:\users\arthur\desktop\resolve\indigo\protobuf\base_gcmessages.pb.h(9): fatal error C1083: Cannot open include file: 'google/protobuf/stubs/common.h': No such file or directory (compiling source file Settings\Settings.cpp)
